#
# A fatal error has been detected by the Java Runtime Environment:
#
#  EXCEPTION_ACCESS_VIOLATION (0xc0000005) at pc=0x00000000604fbce0, pid=3140, tid=1152
#
# JRE version: Java(TM) SE Runtime Environment (9.0+11) (build 9.0.4+11)
# Java VM: Java HotSpot(TM) 64-Bit Server VM (9.0.4+11, mixed mode, tiered, compressed oops, g1 gc, windows-amd64)
# Problematic frame:
# V  [jvm.dll+0x32bce0]
#
# No core dump will be written. Minidumps are not enabled by default on client versions of Windows
#
# If you would like to submit a bug report, please visit:
#   http://bugreport.java.com/bugreport/crash.jsp
#

---------------  S U M M A R Y ------------

Command Line: -agentlib:jdwp=transport=dt_socket,address=127.0.0.1:53817,suspend=y,server=n -javaagent:C:\Users\SKIP\.IdeaIC2017.3\system\captureAgent\debugger-agent.jar=C:\Users\SKIP\AppData\Local\Temp\capture.props -Dfile.encoding=UTF-8 sample.Main

Host: AMD FX(tm)-8350 Eight-Core Processor           , 8 cores, 15G,  Windows 7 , 64 bit Build 7601 (6.1.7601.18015)
Time: Wed Jan 31 23:37:27 2018 GTB Standard Time elapsed time: 963 seconds (0d 0h 16m 3s)

---------------  T H R E A D  ---------------

Current thread (0x000000002b570800):  VMThread "VM Thread" [stack: 0x000000002b950000,0x000000002ba50000] [id=1152]

Stack: [0x000000002b950000,0x000000002ba50000],  sp=0x000000002ba4ea10,  free space=1018k
Native frames: (J=compiled Java code, j=interpreted, Vv=VM code, C=native code)
V  [jvm.dll+0x32bce0]
V  [jvm.dll+0x327698]
V  [jvm.dll+0x341f4f]
V  [jvm.dll+0x34516d]
V  [jvm.dll+0x296ab0]
V  [jvm.dll+0x296ba9]
V  [jvm.dll+0x2f8791]
V  [jvm.dll+0x2f76f8]
V  [jvm.dll+0x2f4ea9]
V  [jvm.dll+0x2f666e]
V  [jvm.dll+0x2f3e55]
V  [jvm.dll+0x2f3293]
V  [jvm.dll+0x5784ff]
V  [jvm.dll+0x57880c]
V  [jvm.dll+0x5786b3]
V  [jvm.dll+0x578eac]
V  [jvm.dll+0x5470aa]
V  [jvm.dll+0x465311]
V  [jvm.dll+0x6a366b]
V  [jvm.dll+0x6a1e05]
V  [jvm.dll+0x6a25e1]
V  [jvm.dll+0x6a28cc]
V  [jvm.dll+0x586490]
C  [msvcr120.dll+0x24f7f]
C  [msvcr120.dll+0x25126]
C  [kernel32.dll+0x1652d]
C  [ntdll.dll+0x2c541]


siginfo: EXCEPTION_ACCESS_VIOLATION (0xc0000005), reading address 0xffffffffffffffff


Register to memory mapping:

RIP=0x00000000604fbce0 jvm.dll
RAX=0x00b7202b2a0900a7 is an unknown value
RBX=0x000000002b570800 is an unknown value
RCX=0x00000007c00016d0 is pointing into metadata
RDX=0x00b7202b2a0900a7 is an unknown value
RSP=0x000000002ba4ea10 is an unknown value
RBP=0x0000000000000003 is an unknown value
RSI=0x000000002ba4ead0 is an unknown value
RDI=0x0000000000000000 is an unknown value
R8 =0x000000002b570800 is an unknown value
R9 =0x00b7202b2a0900a7 is an unknown value
R10=0x0000000000000072 is an unknown value
R11=0x0000000000000072 is an unknown value
R12=0x0000000000000020 is an unknown value
R13=0x0000000000000000 is an unknown value
R14=0x000000000000005c is an unknown value
R15=0x0000000000000001 is an unknown value


Registers:
RAX=0x00b7202b2a0900a7, RBX=0x000000002b570800, RCX=0x00000007c00016d0, RDX=0x00b7202b2a0900a7
RSP=0x000000002ba4ea10, RBP=0x0000000000000003, RSI=0x000000002ba4ead0, RDI=0x0000000000000000
R8 =0x000000002b570800, R9 =0x00b7202b2a0900a7, R10=0x0000000000000072, R11=0x0000000000000072
R12=0x0000000000000020, R13=0x0000000000000000, R14=0x000000000000005c, R15=0x0000000000000001
RIP=0x00000000604fbce0, EFLAGS=0x0000000000010246

Top of Stack: (sp=0x000000002ba4ea10)
0x000000002ba4ea10:   00000007c00016d0 0000000060749116
0x000000002ba4ea20:   000000002ba4f140 000000002b570800
0x000000002ba4ea30:   0000000000000000 00000000604f7698
0x000000002ba4ea40:   00000007c00016d0 000000002b570800
0x000000002ba4ea50:   000000002ba4ead0 000000002b570800
0x000000002ba4ea60:   000000002ba4eb40 0000000060511f4f
0x000000002ba4ea70:   000000002b570800 000000002ba4f080
0x000000002ba4ea80:   00000000004ba270 0000000000000000
0x000000002ba4ea90:   0000000060b276ec 000000002ac0a600
0x000000002ba4eaa0:   000000002ba4eb40 000000006051516d
0x000000002ba4eab0:   000000002ba4ead0 000000002ba4eca0
0x000000002ba4eac0:   000000000000005c 00020000f016fdec
0x000000002ba4ead0:   2fffffff4fffffff 000000002ac12a58
0x000000002ba4eae0:   000000002b570800 000000002ba4eca0
0x000000002ba4eaf0:   0000000000000000 0000000060466ab0
0x000000002ba4eb00:   000000002ba4ec90 0000000000000301 

Instructions: (pc=0x00000000604fbce0)
0x00000000604fbcc0:   8b d8 e8 a9 88 d8 ff 48 83 7b 08 00 4c 8b c8 74
0x00000000604fbcd0:   04 33 ff eb 23 80 3d 39 bd 62 00 00 74 05 33 ff
0x00000000604fbce0:   89 78 0c 48 8d 4d fe 48 8d 78 10 48 85 c9 74 05
0x00000000604fbcf0:   33 c0 f3 48 ab 49 8b f9 48 83 7b 08 00 48 8b 74 


VM_Operation (0x000000002ca7f440): GetOrSetLocal, mode: safepoint, requested by thread 0x000000002b773000


---------------  P R O C E S S  ---------------

Java Threads: ( => current thread )
  0x000000002d4ee000 JavaThread "Java2D Disposer" daemon [_thread_blocked, id=7820, stack(0x0000000031870000,0x0000000031970000)]
  0x000000002e1a8000 JavaThread "Thread-2" daemon [_thread_blocked, id=6816, stack(0x0000000030050000,0x0000000030150000)]
  0x000000002df49000 JavaThread "JavaFX-Launcher" [_thread_blocked, id=7884, stack(0x00000000302f0000,0x00000000303f0000)]
  0x000000002d394000 JavaThread "JavaFX Application Thread" [_thread_blocked, id=7948, stack(0x000000002ee20000,0x000000002ef20000)]
  0x000000002e059000 JavaThread "InvokeLaterDispatcher" daemon [_thread_blocked, id=8188, stack(0x000000002ca90000,0x000000002cb90000)]
  0x000000002d218000 JavaThread "QuantumRenderer-0" daemon [_thread_blocked, id=6812, stack(0x000000002d8e0000,0x000000002d9e0000)]
  0x000000002b807800 JavaThread "Service Thread" daemon [_thread_blocked, id=6900, stack(0x000000002ce10000,0x000000002cf10000)]
  0x000000002b78b800 JavaThread "JDWP Command Reader" daemon [_thread_in_native, id=4180, stack(0x000000002cd00000,0x000000002ce00000)]
  0x000000002b782800 JavaThread "JDWP Event Helper Thread" daemon [_thread_blocked, id=7228, stack(0x000000002cbb0000,0x000000002ccb0000)]
  0x000000002b773000 JavaThread "JDWP Transport Listener: dt_socket" daemon [_thread_blocked, id=7300, stack(0x000000002c980000,0x000000002ca80000)]
  0x000000002b666800 JavaThread "Common-Cleaner" daemon [_thread_blocked, id=7548, stack(0x000000002c820000,0x000000002c920000)]
  0x000000002b5d1000 JavaThread "Sweeper thread" daemon [_thread_blocked, id=7968, stack(0x000000002c100000,0x000000002c200000)]
  0x000000002b591000 JavaThread "C1 CompilerThread3" daemon [_thread_blocked, id=3840, stack(0x000000002c610000,0x000000002c710000)]
  0x000000002b58e000 JavaThread "C2 CompilerThread2" daemon [_thread_blocked, id=8048, stack(0x000000002c4a0000,0x000000002c5a0000)]
  0x000000002b57e000 JavaThread "C2 CompilerThread1" daemon [_thread_blocked, id=7728, stack(0x000000002c280000,0x000000002c380000)]
  0x000000002b579800 JavaThread "C2 CompilerThread0" daemon [_thread_blocked, id=6524, stack(0x000000002bc90000,0x000000002bd90000)]
  0x000000002b58a800 JavaThread "Attach Listener" daemon [_thread_blocked, id=5592, stack(0x000000002ba90000,0x000000002bb90000)]
  0x000000002b588800 JavaThread "Signal Dispatcher" daemon [_thread_blocked, id=7720, stack(0x000000002bff0000,0x000000002c0f0000)]
  0x000000002b586800 JavaThread "Finalizer" daemon [_thread_blocked, id=3336, stack(0x000000002bdd0000,0x000000002bed0000)]
  0x000000002b585800 JavaThread "Reference Handler" daemon [_thread_blocked, id=6552, stack(0x000000002bb90000,0x000000002bc90000)]
  0x000000000046d000 JavaThread "main" [_thread_blocked, id=236, stack(0x0000000002050000,0x0000000002150000)]

Other Threads:
=>0x000000002b570800 VMThread "VM Thread" [stack: 0x000000002b950000,0x000000002ba50000] [id=1152]
  0x000000002b808000 WatcherThread [stack: 0x000000002cf20000,0x000000002d020000] [id=1220]
  0x0000000000485000 GCTaskThread "GC Thread#0" [stack: 0x000000001bc90000,0x000000001bd90000] [id=2928]
  0x0000000000486000 GCTaskThread "GC Thread#1" [stack: 0x000000001bdf0000,0x000000001bef0000] [id=6128]
  0x000000000048a800 GCTaskThread "GC Thread#2" [stack: 0x000000001bff0000,0x000000001c0f0000] [id=1664]
  0x000000000048c000 GCTaskThread "GC Thread#3" [stack: 0x000000001c1e0000,0x000000001c2e0000] [id=7044]
  0x0000000000490000 GCTaskThread "GC Thread#4" [stack: 0x000000001c2e0000,0x000000001c3e0000] [id=2972]
  0x0000000000492000 GCTaskThread "GC Thread#5" [stack: 0x000000001c5c0000,0x000000001c6c0000] [id=3212]
  0x000000000049b800 GCTaskThread "GC Thread#6" [stack: 0x000000001c750000,0x000000001c850000] [id=8100]
  0x000000000049c800 GCTaskThread "GC Thread#7" [stack: 0x000000001c8f0000,0x000000001c9f0000] [id=3756]
  0x000000001bfa8000 ConcurrentGCThread "G1 Main Marker" [stack: 0x000000001dbb0000,0x000000001dcb0000] [id=7456]
  0x000000001bfaa800 ConcurrentGCThread "G1 Marker#0" [stack: 0x0000000028030000,0x0000000028130000] [id=7508]
  0x000000001bfb5800 ConcurrentGCThread "G1 Marker#1" [stack: 0x00000000281a0000,0x00000000282a0000] [id=6028]
  0x00000000004b7800 ConcurrentGCThread "G1 Refine#0" [stack: 0x000000001dd40000,0x000000001de40000] [id=7780]
  0x00000000004b6800 ConcurrentGCThread "G1 Refine#1" [stack: 0x000000001dab0000,0x000000001dbb0000] [id=5296]
  0x00000000004ac000 ConcurrentGCThread "G1 Refine#2" [stack: 0x000000001d4e0000,0x000000001d5e0000] [id=6744]
  0x00000000004aa800 ConcurrentGCThread "G1 Refine#3" [stack: 0x000000001d910000,0x000000001da10000] [id=7996]
  0x00000000004a7800 ConcurrentGCThread "G1 Refine#4" [stack: 0x000000001d720000,0x000000001d820000] [id=7460]
  0x00000000004a2000 ConcurrentGCThread "G1 Refine#5" [stack: 0x000000001d5f0000,0x000000001d6f0000] [id=6616]
  0x00000000004a1000 ConcurrentGCThread "G1 Refine#6" [stack: 0x000000001d3e0000,0x000000001d4e0000] [id=5596]
  0x00000000004a0000 ConcurrentGCThread "G1 Refine#7" [stack: 0x000000001d290000,0x000000001d390000] [id=1392]
  0x00000000004b8800 ConcurrentGCThread "G1 Young RemSet Sampling" [stack: 0x000000001de80000,0x000000001df80000] [id=6588]

Threads with active compile tasks:

VM state:at safepoint (normal execution)

VM Mutex/Monitor currently owned by a thread:  ([mutex/lock_event])
[0x0000000000469d20] Threads_lock - owner thread: 0x000000002b570800

Heap address: 0x00000006c0600000, size: 4090 MB, Compressed Oops mode: Zero based, Oop shift amount: 3
Narrow klass base: 0x0000000000000000, Narrow klass shift: 3
Compressed class space size: 1073741824 Address: 0x00000007c0000000

Heap:
 garbage-first heap   total 262144K, used 6952K [0x00000006c0600000, 0x00000006c0700800, 0x00000007c0000000)
  region size 1024K, 6 young (6144K), 3 survivors (3072K)
 Metaspace       used 16559K, capacity 17822K, committed 18048K, reserved 1064960K
  class space    used 1917K, capacity 2138K, committed 2176K, reserved 1048576K
Heap Regions: E=young(eden), S=young(survivor), O=old, HS=humongous(starts), HC=humongous(continues), CS=collection set, F=free, A=archive, TS=gc time stamp, AC=allocation context, TAMS=top-at-mark-start (previous, next)
|   0|0x00000006c0600000, 0x00000006c0700000, 0x00000006c0700000|100%| O|  |TS  1|AC  0|TAMS 0x00000006c0600000, 0x00000006c0600000|
|   1|0x00000006c0700000, 0x00000006c07ca000, 0x00000006c0800000| 78%| O|  |TS  1|AC  0|TAMS 0x00000006c0700000, 0x00000006c0700000|
|   2|0x00000006c0800000, 0x00000006c0800000, 0x00000006c0900000|  0%| F|  |TS  0|AC  0|TAMS 0x00000006c0800000, 0x00000006c0800000|
|   3|0x00000006c0900000, 0x00000006c0900000, 0x00000006c0a00000|  0%| F|  |TS  0|AC  0|TAMS 0x00000006c0900000, 0x00000006c0900000|
|   4|0x00000006c0a00000, 0x00000006c0a00000, 0x00000006c0b00000|  0%| F|  |TS  0|AC  0|TAMS 0x00000006c0a00000, 0x00000006c0a00000|
|   5|0x00000006c0b00000, 0x00000006c0b00000, 0x00000006c0c00000|  0%| F|  |TS  0|AC  0|TAMS 0x00000006c0b00000, 0x00000006c0b00000|
|   6|0x00000006c0c00000, 0x00000006c0c00000, 0x00000006c0d00000|  0%| F|  |TS  0|AC  0|TAMS 0x00000006c0c00000, 0x00000006c0c00000|
|   7|0x00000006c0d00000, 0x00000006c0d00000, 0x00000006c0e00000|  0%| F|  |TS  0|AC  0|TAMS 0x00000006c0d00000, 0x00000006c0d00000|
|   8|0x00000006c0e00000, 0x00000006c0e00000, 0x00000006c0f00000|  0%| F|  |TS  0|AC  0|TAMS 0x00000006c0e00000, 0x00000006c0e00000|
|   9|0x00000006c0f00000, 0x00000006c0f00000, 0x00000006c1000000|  0%| F|  |TS  0|AC  0|TAMS 0x00000006c0f00000, 0x00000006c0f00000|
|  10|0x00000006c1000000, 0x00000006c1000000, 0x00000006c1100000|  0%| F|  |TS  0|AC  0|TAMS 0x00000006c1000000, 0x00000006c1000000|
|  11|0x00000006c1100000, 0x00000006c1100000, 0x00000006c1200000|  0%| F|  |TS  0|AC  0|TAMS 0x00000006c1100000, 0x00000006c1100000|
|  12|0x00000006c1200000, 0x00000006c1200000, 0x00000006c1300000|  0%| F|  |TS  0|AC  0|TAMS 0x00000006c1200000, 0x00000006c1200000|
|  13|0x00000006c1300000, 0x00000006c1300000, 0x00000006c1400000|  0%| F|  |TS  0|AC  0|TAMS 0x00000006c1300000, 0x00000006c1300000|
|  14|0x00000006c1400000, 0x00000006c1400000, 0x00000006c1500000|  0%| F|  |TS  0|AC  0|TAMS 0x00000006c1400000, 0x00000006c1400000|
|  15|0x00000006c1500000, 0x00000006c1500000, 0x00000006c1600000|  0%| F|  |TS  0|AC  0|TAMS 0x00000006c1500000, 0x00000006c1500000|
|  16|0x00000006c1600000, 0x00000006c1600000, 0x00000006c1700000|  0%| F|  |TS  0|AC  0|TAMS 0x00000006c1600000, 0x00000006c1600000|
|  17|0x00000006c1700000, 0x00000006c1700000, 0x00000006c1800000|  0%| F|  |TS  0|AC  0|TAMS 0x00000006c1700000, 0x00000006c1700000|
|  18|0x00000006c1800000, 0x00000006c1800000, 0x00000006c1900000|  0%| F|  |TS  0|AC  0|TAMS 0x00000006c1800000, 0x00000006c1800000|
|  19|0x00000006c1900000, 0x00000006c1900000, 0x00000006c1a00000|  0%| F|  |TS  0|AC  0|TAMS 0x00000006c1900000, 0x00000006c1900000|
|  20|0x00000006c1a00000, 0x00000006c1a00000, 0x00000006c1b00000|  0%| F|  |TS  0|AC  0|TAMS 0x00000006c1a00000, 0x00000006c1a00000|
|  21|0x00000006c1b00000, 0x00000006c1b00000, 0x00000006c1c00000|  0%| F|  |TS  0|AC  0|TAMS 0x00000006c1b00000, 0x00000006c1b00000|
|  22|0x00000006c1c00000, 0x00000006c1c00000, 0x00000006c1d00000|  0%| F|  |TS  0|AC  0|TAMS 0x00000006c1c00000, 0x00000006c1c00000|
|  23|0x00000006c1d00000, 0x00000006c1d00000, 0x00000006c1e00000|  0%| F|  |TS  0|AC  0|TAMS 0x00000006c1d00000, 0x00000006c1d00000|
|  24|0x00000006c1e00000, 0x00000006c1e00000, 0x00000006c1f00000|  0%| F|  |TS  0|AC  0|TAMS 0x00000006c1e00000, 0x00000006c1e00000|
|  25|0x00000006c1f00000, 0x00000006c1f00000, 0x00000006c2000000|  0%| F|  |TS  0|AC  0|TAMS 0x00000006c1f00000, 0x00000006c1f00000|
|  26|0x00000006c2000000, 0x00000006c2000000, 0x00000006c2100000|  0%| F|  |TS  0|AC  0|TAMS 0x00000006c2000000, 0x00000006c2000000|
|  27|0x00000006c2100000, 0x00000006c2100000, 0x00000006c2200000|  0%| F|  |TS  0|AC  0|TAMS 0x00000006c2100000, 0x00000006c2100000|
|  28|0x00000006c2200000, 0x00000006c2200000, 0x00000006c2300000|  0%| F|  |TS  0|AC  0|TAMS 0x00000006c2200000, 0x00000006c2200000|
|  29|0x00000006c2300000, 0x00000006c2300000, 0x00000006c2400000|  0%| F|  |TS  0|AC  0|TAMS 0x00000006c2300000, 0x00000006c2300000|
|  30|0x00000006c2400000, 0x00000006c2400000, 0x00000006c2500000|  0%| F|  |TS  0|AC  0|TAMS 0x00000006c2400000, 0x00000006c2400000|
|  31|0x00000006c2500000, 0x00000006c2500000, 0x00000006c2600000|  0%| F|  |TS  0|AC  0|TAMS 0x00000006c2500000, 0x00000006c2500000|
|  32|0x00000006c2600000, 0x00000006c2600000, 0x00000006c2700000|  0%| F|  |TS  0|AC  0|TAMS 0x00000006c2600000, 0x00000006c2600000|
|  33|0x00000006c2700000, 0x00000006c2700000, 0x00000006c2800000|  0%| F|  |TS  0|AC  0|TAMS 0x00000006c2700000, 0x00000006c2700000|
|  34|0x00000006c2800000, 0x00000006c2800000, 0x00000006c2900000|  0%| F|  |TS  0|AC  0|TAMS 0x00000006c2800000, 0x00000006c2800000|
|  35|0x00000006c2900000, 0x00000006c2900000, 0x00000006c2a00000|  0%| F|  |TS  0|AC  0|TAMS 0x00000006c2900000, 0x00000006c2900000|
|  36|0x00000006c2a00000, 0x00000006c2a00000, 0x00000006c2b00000|  0%| F|  |TS  0|AC  0|TAMS 0x00000006c2a00000, 0x00000006c2a00000|
|  37|0x00000006c2b00000, 0x00000006c2b00000, 0x00000006c2c00000|  0%| F|  |TS  0|AC  0|TAMS 0x00000006c2b00000, 0x00000006c2b00000|
|  38|0x00000006c2c00000, 0x00000006c2c00000, 0x00000006c2d00000|  0%| F|  |TS  0|AC  0|TAMS 0x00000006c2c00000, 0x00000006c2c00000|
|  39|0x00000006c2d00000, 0x00000006c2d00000, 0x00000006c2e00000|  0%| F|  |TS  0|AC  0|TAMS 0x00000006c2d00000, 0x00000006c2d00000|
|  40|0x00000006c2e00000, 0x00000006c2e00000, 0x00000006c2f00000|  0%| F|  |TS  0|AC  0|TAMS 0x00000006c2e00000, 0x00000006c2e00000|
|  41|0x00000006c2f00000, 0x00000006c2f00000, 0x00000006c3000000|  0%| F|  |TS  0|AC  0|TAMS 0x00000006c2f00000, 0x00000006c2f00000|
|  42|0x00000006c3000000, 0x00000006c3000000, 0x00000006c3100000|  0%| F|  |TS  0|AC  0|TAMS 0x00000006c3000000, 0x00000006c3000000|
|  43|0x00000006c3100000, 0x00000006c3100000, 0x00000006c3200000|  0%| F|  |TS  0|AC  0|TAMS 0x00000006c3100000, 0x00000006c3100000|
|  44|0x00000006c3200000, 0x00000006c3200000, 0x00000006c3300000|  0%| F|  |TS  0|AC  0|TAMS 0x00000006c3200000, 0x00000006c3200000|
|  45|0x00000006c3300000, 0x00000006c3300000, 0x00000006c3400000|  0%| F|  |TS  0|AC  0|TAMS 0x00000006c3300000, 0x00000006c3300000|
|  46|0x00000006c3400000, 0x00000006c3400000, 0x00000006c3500000|  0%| F|  |TS  0|AC  0|TAMS 0x00000006c3400000, 0x00000006c3400000|
|  47|0x00000006c3500000, 0x00000006c3500000, 0x00000006c3600000|  0%| F|  |TS  0|AC  0|TAMS 0x00000006c3500000, 0x00000006c3500000|
|  48|0x00000006c3600000, 0x00000006c3600000, 0x00000006c3700000|  0%| F|  |TS  0|AC  0|TAMS 0x00000006c3600000, 0x00000006c3600000|
|  49|0x00000006c3700000, 0x00000006c3700000, 0x00000006c3800000|  0%| F|  |TS  0|AC  0|TAMS 0x00000006c3700000, 0x00000006c3700000|
|  50|0x00000006c3800000, 0x00000006c3800000, 0x00000006c3900000|  0%| F|  |TS  0|AC  0|TAMS 0x00000006c3800000, 0x00000006c3800000|
|  51|0x00000006c3900000, 0x00000006c3900000, 0x00000006c3a00000|  0%| F|  |TS  0|AC  0|TAMS 0x00000006c3900000, 0x00000006c3900000|
|  52|0x00000006c3a00000, 0x00000006c3a00000, 0x00000006c3b00000|  0%| F|  |TS  0|AC  0|TAMS 0x00000006c3a00000, 0x00000006c3a00000|
|  53|0x00000006c3b00000, 0x00000006c3b00000, 0x00000006c3c00000|  0%| F|  |TS  0|AC  0|TAMS 0x00000006c3b00000, 0x00000006c3b00000|
|  54|0x00000006c3c00000, 0x00000006c3c00000, 0x00000006c3d00000|  0%| F|  |TS  0|AC  0|TAMS 0x00000006c3c00000, 0x00000006c3c00000|
|  55|0x00000006c3d00000, 0x00000006c3d00000, 0x00000006c3e00000|  0%| F|  |TS  0|AC  0|TAMS 0x00000006c3d00000, 0x00000006c3d00000|
|  56|0x00000006c3e00000, 0x00000006c3e00000, 0x00000006c3f00000|  0%| F|  |TS  0|AC  0|TAMS 0x00000006c3e00000, 0x00000006c3e00000|
|  57|0x00000006c3f00000, 0x00000006c3f00000, 0x00000006c4000000|  0%| F|  |TS  0|AC  0|TAMS 0x00000006c3f00000, 0x00000006c3f00000|
|  58|0x00000006c4000000, 0x00000006c4000000, 0x00000006c4100000|  0%| F|  |TS  0|AC  0|TAMS 0x00000006c4000000, 0x00000006c4000000|
|  59|0x00000006c4100000, 0x00000006c4100000, 0x00000006c4200000|  0%| F|  |TS  0|AC  0|TAMS 0x00000006c4100000, 0x00000006c4100000|
|  60|0x00000006c4200000, 0x00000006c4200000, 0x00000006c4300000|  0%| F|  |TS  0|AC  0|TAMS 0x00000006c4200000, 0x00000006c4200000|
|  61|0x00000006c4300000, 0x00000006c4300000, 0x00000006c4400000|  0%| F|  |TS  0|AC  0|TAMS 0x00000006c4300000, 0x00000006c4300000|
|  62|0x00000006c4400000, 0x00000006c4400000, 0x00000006c4500000|  0%| F|  |TS  0|AC  0|TAMS 0x00000006c4400000, 0x00000006c4400000|
|  63|0x00000006c4500000, 0x00000006c4500000, 0x00000006c4600000|  0%| F|  |TS  0|AC  0|TAMS 0x00000006c4500000, 0x00000006c4500000|
|  64|0x00000006c4600000, 0x00000006c4600000, 0x00000006c4700000|  0%| F|  |TS  0|AC  0|TAMS 0x00000006c4600000, 0x00000006c4600000|
|  65|0x00000006c4700000, 0x00000006c4700000, 0x00000006c4800000|  0%| F|  |TS  0|AC  0|TAMS 0x00000006c4700000, 0x00000006c4700000|
|  66|0x00000006c4800000, 0x00000006c4800000, 0x00000006c4900000|  0%| F|  |TS  0|AC  0|TAMS 0x00000006c4800000, 0x00000006c4800000|
|  67|0x00000006c4900000, 0x00000006c4900000, 0x00000006c4a00000|  0%| F|  |TS  0|AC  0|TAMS 0x00000006c4900000, 0x00000006c4900000|
|  68|0x00000006c4a00000, 0x00000006c4a00000, 0x00000006c4b00000|  0%| F|  |TS  0|AC  0|TAMS 0x00000006c4a00000, 0x00000006c4a00000|
|  69|0x00000006c4b00000, 0x00000006c4b00000, 0x00000006c4c00000|  0%| F|  |TS  0|AC  0|TAMS 0x00000006c4b00000, 0x00000006c4b00000|
|  70|0x00000006c4c00000, 0x00000006c4c00000, 0x00000006c4d00000|  0%| F|  |TS  0|AC  0|TAMS 0x00000006c4c00000, 0x00000006c4c00000|
|  71|0x00000006c4d00000, 0x00000006c4d00000, 0x00000006c4e00000|  0%| F|  |TS  0|AC  0|TAMS 0x00000006c4d00000, 0x00000006c4d00000|
|  72|0x00000006c4e00000, 0x00000006c4e00000, 0x00000006c4f00000|  0%| F|  |TS  0|AC  0|TAMS 0x00000006c4e00000, 0x00000006c4e00000|
|  73|0x00000006c4f00000, 0x00000006c4f00000, 0x00000006c5000000|  0%| F|  |TS  0|AC  0|TAMS 0x00000006c4f00000, 0x00000006c4f00000|
|  74|0x00000006c5000000, 0x00000006c5000000, 0x00000006c5100000|  0%| F|  |TS  0|AC  0|TAMS 0x00000006c5000000, 0x00000006c5000000|
|  75|0x00000006c5100000, 0x00000006c5100000, 0x00000006c5200000|  0%| F|  |TS  0|AC  0|TAMS 0x00000006c5100000, 0x00000006c5100000|
|  76|0x00000006c5200000, 0x00000006c5200000, 0x00000006c5300000|  0%| F|  |TS  0|AC  0|TAMS 0x00000006c5200000, 0x00000006c5200000|
|  77|0x00000006c5300000, 0x00000006c5300000, 0x00000006c5400000|  0%| F|  |TS  0|AC  0|TAMS 0x00000006c5300000, 0x00000006c5300000|
|  78|0x00000006c5400000, 0x00000006c5400000, 0x00000006c5500000|  0%| F|  |TS  0|AC  0|TAMS 0x00000006c5400000, 0x00000006c5400000|
|  79|0x00000006c5500000, 0x00000006c5500000, 0x00000006c5600000|  0%| F|  |TS  0|AC  0|TAMS 0x00000006c5500000, 0x00000006c5500000|
|  80|0x00000006c5600000, 0x00000006c5600000, 0x00000006c5700000|  0%| F|  |TS  0|AC  0|TAMS 0x00000006c5600000, 0x00000006c5600000|
|  81|0x00000006c5700000, 0x00000006c5700000, 0x00000006c5800000|  0%| F|  |TS  0|AC  0|TAMS 0x00000006c5700000, 0x00000006c5700000|
|  82|0x00000006c5800000, 0x00000006c5800000, 0x00000006c5900000|  0%| F|  |TS  0|AC  0|TAMS 0x00000006c5800000, 0x00000006c5800000|
|  83|0x00000006c5900000, 0x00000006c5900000, 0x00000006c5a00000|  0%| F|  |TS  0|AC  0|TAMS 0x00000006c5900000, 0x00000006c5900000|
|  84|0x00000006c5a00000, 0x00000006c5a00000, 0x00000006c5b00000|  0%| F|  |TS  0|AC  0|TAMS 0x00000006c5a00000, 0x00000006c5a00000|
|  85|0x00000006c5b00000, 0x00000006c5b00000, 0x00000006c5c00000|  0%| F|  |TS  0|AC  0|TAMS 0x00000006c5b00000, 0x00000006c5b00000|
|  86|0x00000006c5c00000, 0x00000006c5c00000, 0x00000006c5d00000|  0%| F|  |TS  0|AC  0|TAMS 0x00000006c5c00000, 0x00000006c5c00000|
|  87|0x00000006c5d00000, 0x00000006c5d00000, 0x00000006c5e00000|  0%| F|  |TS  0|AC  0|TAMS 0x00000006c5d00000, 0x00000006c5d00000|
|  88|0x00000006c5e00000, 0x00000006c5e00000, 0x00000006c5f00000|  0%| F|  |TS  0|AC  0|TAMS 0x00000006c5e00000, 0x00000006c5e00000|
|  89|0x00000006c5f00000, 0x00000006c5f00000, 0x00000006c6000000|  0%| F|  |TS  0|AC  0|TAMS 0x00000006c5f00000, 0x00000006c5f00000|
|  90|0x00000006c6000000, 0x00000006c6000000, 0x00000006c6100000|  0%| F|  |TS  0|AC  0|TAMS 0x00000006c6000000, 0x00000006c6000000|
|  91|0x00000006c6100000, 0x00000006c6100000, 0x00000006c6200000|  0%| F|  |TS  0|AC  0|TAMS 0x00000006c6100000, 0x00000006c6100000|
|  92|0x00000006c6200000, 0x00000006c6200000, 0x00000006c6300000|  0%| F|  |TS  0|AC  0|TAMS 0x00000006c6200000, 0x00000006c6200000|
|  93|0x00000006c6300000, 0x00000006c6300000, 0x00000006c6400000|  0%| F|  |TS  0|AC  0|TAMS 0x00000006c6300000, 0x00000006c6300000|
|  94|0x00000006c6400000, 0x00000006c6400000, 0x00000006c6500000|  0%| F|  |TS  0|AC  0|TAMS 0x00000006c6400000, 0x00000006c6400000|
|  95|0x00000006c6500000, 0x00000006c6500000, 0x00000006c6600000|  0%| F|  |TS  0|AC  0|TAMS 0x00000006c6500000, 0x00000006c6500000|
|  96|0x00000006c6600000, 0x00000006c6600000, 0x00000006c6700000|  0%| F|  |TS  0|AC  0|TAMS 0x00000006c6600000, 0x00000006c6600000|
|  97|0x00000006c6700000, 0x00000006c6700000, 0x00000006c6800000|  0%| F|  |TS  0|AC  0|TAMS 0x00000006c6700000, 0x00000006c6700000|
|  98|0x00000006c6800000, 0x00000006c6800000, 0x00000006c6900000|  0%| F|  |TS  0|AC  0|TAMS 0x00000006c6800000, 0x00000006c6800000|
|  99|0x00000006c6900000, 0x00000006c6900000, 0x00000006c6a00000|  0%| F|  |TS  0|AC  0|TAMS 0x00000006c6900000, 0x00000006c6900000|
| 100|0x00000006c6a00000, 0x00000006c6a00000, 0x00000006c6b00000|  0%| F|  |TS  0|AC  0|TAMS 0x00000006c6a00000, 0x00000006c6a00000|
| 101|0x00000006c6b00000, 0x00000006c6b00000, 0x00000006c6c00000|  0%| F|  |TS  0|AC  0|TAMS 0x00000006c6b00000, 0x00000006c6b00000|
| 102|0x00000006c6c00000, 0x00000006c6c00000, 0x00000006c6d00000|  0%| F|  |TS  0|AC  0|TAMS 0x00000006c6c00000, 0x00000006c6c00000|
| 103|0x00000006c6d00000, 0x00000006c6d00000, 0x00000006c6e00000|  0%| F|  |TS  0|AC  0|TAMS 0x00000006c6d00000, 0x00000006c6d00000|
| 104|0x00000006c6e00000, 0x00000006c6e00000, 0x00000006c6f00000|  0%| F|  |TS  0|AC  0|TAMS 0x00000006c6e00000, 0x00000006c6e00000|
| 105|0x00000006c6f00000, 0x00000006c6f00000, 0x00000006c7000000|  0%| F|  |TS  0|AC  0|TAMS 0x00000006c6f00000, 0x00000006c6f00000|
| 106|0x00000006c7000000, 0x00000006c7000000, 0x00000006c7100000|  0%| F|  |TS  0|AC  0|TAMS 0x00000006c7000000, 0x00000006c7000000|
| 107|0x00000006c7100000, 0x00000006c7100000, 0x00000006c7200000|  0%| F|  |TS  0|AC  0|TAMS 0x00000006c7100000, 0x00000006c7100000|
| 108|0x00000006c7200000, 0x00000006c7200000, 0x00000006c7300000|  0%| F|  |TS  0|AC  0|TAMS 0x00000006c7200000, 0x00000006c7200000|
| 109|0x00000006c7300000, 0x00000006c7300000, 0x00000006c7400000|  0%| F|  |TS  0|AC  0|TAMS 0x00000006c7300000, 0x00000006c7300000|
| 110|0x00000006c7400000, 0x00000006c7400000, 0x00000006c7500000|  0%| F|  |TS  0|AC  0|TAMS 0x00000006c7400000, 0x00000006c7400000|
| 111|0x00000006c7500000, 0x00000006c7500000, 0x00000006c7600000|  0%| F|  |TS  0|AC  0|TAMS 0x00000006c7500000, 0x00000006c7500000|
| 112|0x00000006c7600000, 0x00000006c7600000, 0x00000006c7700000|  0%| F|  |TS  0|AC  0|TAMS 0x00000006c7600000, 0x00000006c7600000|
| 113|0x00000006c7700000, 0x00000006c7700000, 0x00000006c7800000|  0%| F|  |TS  0|AC  0|TAMS 0x00000006c7700000, 0x00000006c7700000|
| 114|0x00000006c7800000, 0x00000006c7800000, 0x00000006c7900000|  0%| F|  |TS  0|AC  0|TAMS 0x00000006c7800000, 0x00000006c7800000|
| 115|0x00000006c7900000, 0x00000006c7900000, 0x00000006c7a00000|  0%| F|  |TS  0|AC  0|TAMS 0x00000006c7900000, 0x00000006c7900000|
| 116|0x00000006c7a00000, 0x00000006c7a00000, 0x00000006c7b00000|  0%| F|  |TS  0|AC  0|TAMS 0x00000006c7a00000, 0x00000006c7a00000|
| 117|0x00000006c7b00000, 0x00000006c7b00000, 0x00000006c7c00000|  0%| F|  |TS  0|AC  0|TAMS 0x00000006c7b00000, 0x00000006c7b00000|
| 118|0x00000006c7c00000, 0x00000006c7c00000, 0x00000006c7d00000|  0%| F|  |TS  0|AC  0|TAMS 0x00000006c7c00000, 0x00000006c7c00000|
| 119|0x00000006c7d00000, 0x00000006c7d00000, 0x00000006c7e00000|  0%| F|  |TS  0|AC  0|TAMS 0x00000006c7d00000, 0x00000006c7d00000|
| 120|0x00000006c7e00000, 0x00000006c7e00000, 0x00000006c7f00000|  0%| F|  |TS  0|AC  0|TAMS 0x00000006c7e00000, 0x00000006c7e00000|
| 121|0x00000006c7f00000, 0x00000006c7f00000, 0x00000006c8000000|  0%| F|  |TS  0|AC  0|TAMS 0x00000006c7f00000, 0x00000006c7f00000|
| 122|0x00000006c8000000, 0x00000006c8000000, 0x00000006c8100000|  0%| F|  |TS  0|AC  0|TAMS 0x00000006c8000000, 0x00000006c8000000|
| 123|0x00000006c8100000, 0x00000006c8100000, 0x00000006c8200000|  0%| F|  |TS  0|AC  0|TAMS 0x00000006c8100000, 0x00000006c8100000|
| 124|0x00000006c8200000, 0x00000006c8200000, 0x00000006c8300000|  0%| F|  |TS  0|AC  0|TAMS 0x00000006c8200000, 0x00000006c8200000|
| 125|0x00000006c8300000, 0x00000006c8300000, 0x00000006c8400000|  0%| F|  |TS  0|AC  0|TAMS 0x00000006c8300000, 0x00000006c8300000|
| 126|0x00000006c8400000, 0x00000006c8400000, 0x00000006c8500000|  0%| F|  |TS  0|AC  0|TAMS 0x00000006c8400000, 0x00000006c8400000|
| 127|0x00000006c8500000, 0x00000006c8500000, 0x00000006c8600000|  0%| F|  |TS  0|AC  0|TAMS 0x00000006c8500000, 0x00000006c8500000|
| 128|0x00000006c8600000, 0x00000006c8600000, 0x00000006c8700000|  0%| F|  |TS  0|AC  0|TAMS 0x00000006c8600000, 0x00000006c8600000|
| 129|0x00000006c8700000, 0x00000006c8700000, 0x00000006c8800000|  0%| F|  |TS  0|AC  0|TAMS 0x00000006c8700000, 0x00000006c8700000|
| 130|0x00000006c8800000, 0x00000006c8800000, 0x00000006c8900000|  0%| F|  |TS  0|AC  0|TAMS 0x00000006c8800000, 0x00000006c8800000|
| 131|0x00000006c8900000, 0x00000006c8900000, 0x00000006c8a00000|  0%| F|  |TS  0|AC  0|TAMS 0x00000006c8900000, 0x00000006c8900000|
| 132|0x00000006c8a00000, 0x00000006c8a00000, 0x00000006c8b00000|  0%| F|  |TS  0|AC  0|TAMS 0x00000006c8a00000, 0x00000006c8a00000|
| 133|0x00000006c8b00000, 0x00000006c8b00000, 0x00000006c8c00000|  0%| F|  |TS  0|AC  0|TAMS 0x00000006c8b00000, 0x00000006c8b00000|
| 134|0x00000006c8c00000, 0x00000006c8c00000, 0x00000006c8d00000|  0%| F|  |TS  0|AC  0|TAMS 0x00000006c8c00000, 0x00000006c8c00000|
| 135|0x00000006c8d00000, 0x00000006c8d00000, 0x00000006c8e00000|  0%| F|  |TS  0|AC  0|TAMS 0x00000006c8d00000, 0x00000006c8d00000|
| 136|0x00000006c8e00000, 0x00000006c8e00000, 0x00000006c8f00000|  0%| F|  |TS  0|AC  0|TAMS 0x00000006c8e00000, 0x00000006c8e00000|
| 137|0x00000006c8f00000, 0x00000006c8f00000, 0x00000006c9000000|  0%| F|  |TS  0|AC  0|TAMS 0x00000006c8f00000, 0x00000006c8f00000|
| 138|0x00000006c9000000, 0x00000006c9000000, 0x00000006c9100000|  0%| F|  |TS  0|AC  0|TAMS 0x00000006c9000000, 0x00000006c9000000|
| 139|0x00000006c9100000, 0x00000006c9100000, 0x00000006c9200000|  0%| F|  |TS  0|AC  0|TAMS 0x00000006c9100000, 0x00000006c9100000|
| 140|0x00000006c9200000, 0x00000006c9200000, 0x00000006c9300000|  0%| F|  |TS  0|AC  0|TAMS 0x00000006c9200000, 0x00000006c9200000|
| 141|0x00000006c9300000, 0x00000006c9300000, 0x00000006c9400000|  0%| F|  |TS  0|AC  0|TAMS 0x00000006c9300000, 0x00000006c9300000|
| 142|0x00000006c9400000, 0x00000006c9400000, 0x00000006c9500000|  0%| F|  |TS  0|AC  0|TAMS 0x00000006c9400000, 0x00000006c9400000|
| 143|0x00000006c9500000, 0x00000006c9500000, 0x00000006c9600000|  0%| F|  |TS  0|AC  0|TAMS 0x00000006c9500000, 0x00000006c9500000|
| 144|0x00000006c9600000, 0x00000006c9600000, 0x00000006c9700000|  0%| F|  |TS  0|AC  0|TAMS 0x00000006c9600000, 0x00000006c9600000|
| 145|0x00000006c9700000, 0x00000006c9700000, 0x00000006c9800000|  0%| F|  |TS  0|AC  0|TAMS 0x00000006c9700000, 0x00000006c9700000|
| 146|0x00000006c9800000, 0x00000006c9800000, 0x00000006c9900000|  0%| F|  |TS  0|AC  0|TAMS 0x00000006c9800000, 0x00000006c9800000|
| 147|0x00000006c9900000, 0x00000006c9900000, 0x00000006c9a00000|  0%| F|  |TS  0|AC  0|TAMS 0x00000006c9900000, 0x00000006c9900000|
| 148|0x00000006c9a00000, 0x00000006c9a00000, 0x00000006c9b00000|  0%| F|  |TS  0|AC  0|TAMS 0x00000006c9a00000, 0x00000006c9a00000|
| 149|0x00000006c9b00000, 0x00000006c9b00000, 0x00000006c9c00000|  0%| F|  |TS  0|AC  0|TAMS 0x00000006c9b00000, 0x00000006c9b00000|
| 150|0x00000006c9c00000, 0x00000006c9c00000, 0x00000006c9d00000|  0%| F|  |TS  0|AC  0|TAMS 0x00000006c9c00000, 0x00000006c9c00000|
| 151|0x00000006c9d00000, 0x00000006c9d00000, 0x00000006c9e00000|  0%| F|  |TS  0|AC  0|TAMS 0x00000006c9d00000, 0x00000006c9d00000|
| 152|0x00000006c9e00000, 0x00000006c9e00000, 0x00000006c9f00000|  0%| F|  |TS  0|AC  0|TAMS 0x00000006c9e00000, 0x00000006c9e00000|
| 153|0x00000006c9f00000, 0x00000006c9f00000, 0x00000006ca000000|  0%| F|  |TS  0|AC  0|TAMS 0x00000006c9f00000, 0x00000006c9f00000|
| 154|0x00000006ca000000, 0x00000006ca000000, 0x00000006ca100000|  0%| F|  |TS  0|AC  0|TAMS 0x00000006ca000000, 0x00000006ca000000|
| 155|0x00000006ca100000, 0x00000006ca100000, 0x00000006ca200000|  0%| F|  |TS  0|AC  0|TAMS 0x00000006ca100000, 0x00000006ca100000|
| 156|0x00000006ca200000, 0x00000006ca200000, 0x00000006ca300000|  0%| F|  |TS  0|AC  0|TAMS 0x00000006ca200000, 0x00000006ca200000|
| 157|0x00000006ca300000, 0x00000006ca300000, 0x00000006ca400000|  0%| F|  |TS  0|AC  0|TAMS 0x00000006ca300000, 0x00000006ca300000|
| 158|0x00000006ca400000, 0x00000006ca400000, 0x00000006ca500000|  0%| F|  |TS  0|AC  0|TAMS 0x00000006ca400000, 0x00000006ca400000|
| 159|0x00000006ca500000, 0x00000006ca500000, 0x00000006ca600000|  0%| F|  |TS  0|AC  0|TAMS 0x00000006ca500000, 0x00000006ca500000|
| 160|0x00000006ca600000, 0x00000006ca600000, 0x00000006ca700000|  0%| F|  |TS  0|AC  0|TAMS 0x00000006ca600000, 0x00000006ca600000|
| 161|0x00000006ca700000, 0x00000006ca700000, 0x00000006ca800000|  0%| F|  |TS  0|AC  0|TAMS 0x00000006ca700000, 0x00000006ca700000|
| 162|0x00000006ca800000, 0x00000006ca800000, 0x00000006ca900000|  0%| F|  |TS  0|AC  0|TAMS 0x00000006ca800000, 0x00000006ca800000|
| 163|0x00000006ca900000, 0x00000006ca900000, 0x00000006caa00000|  0%| F|  |TS  0|AC  0|TAMS 0x00000006ca900000, 0x00000006ca900000|
| 164|0x00000006caa00000, 0x00000006caa00000, 0x00000006cab00000|  0%| F|  |TS  0|AC  0|TAMS 0x00000006caa00000, 0x00000006caa00000|
| 165|0x00000006cab00000, 0x00000006cab00000, 0x00000006cac00000|  0%| F|  |TS  0|AC  0|TAMS 0x00000006cab00000, 0x00000006cab00000|
| 166|0x00000006cac00000, 0x00000006cac00000, 0x00000006cad00000|  0%| F|  |TS  0|AC  0|TAMS 0x00000006cac00000, 0x00000006cac00000|
| 167|0x00000006cad00000, 0x00000006cad00000, 0x00000006cae00000|  0%| F|  |TS  0|AC  0|TAMS 0x00000006cad00000, 0x00000006cad00000|
| 168|0x00000006cae00000, 0x00000006cae00000, 0x00000006caf00000|  0%| F|  |TS  0|AC  0|TAMS 0x00000006cae00000, 0x00000006cae00000|
| 169|0x00000006caf00000, 0x00000006caf00000, 0x00000006cb000000|  0%| F|  |TS  0|AC  0|TAMS 0x00000006caf00000, 0x00000006caf00000|
| 170|0x00000006cb000000, 0x00000006cb000000, 0x00000006cb100000|  0%| F|  |TS  0|AC  0|TAMS 0x00000006cb000000, 0x00000006cb000000|
| 171|0x00000006cb100000, 0x00000006cb100000, 0x00000006cb200000|  0%| F|  |TS  0|AC  0|TAMS 0x00000006cb100000, 0x00000006cb100000|
| 172|0x00000006cb200000, 0x00000006cb200000, 0x00000006cb300000|  0%| F|  |TS  0|AC  0|TAMS 0x00000006cb200000, 0x00000006cb200000|
| 173|0x00000006cb300000, 0x00000006cb300000, 0x00000006cb400000|  0%| F|  |TS  0|AC  0|TAMS 0x00000006cb300000, 0x00000006cb300000|
| 174|0x00000006cb400000, 0x00000006cb400000, 0x00000006cb500000|  0%| F|  |TS  0|AC  0|TAMS 0x00000006cb400000, 0x00000006cb400000|
| 175|0x00000006cb500000, 0x00000006cb500000, 0x00000006cb600000|  0%| F|  |TS  0|AC  0|TAMS 0x00000006cb500000, 0x00000006cb500000|
| 176|0x00000006cb600000, 0x00000006cb600000, 0x00000006cb700000|  0%| F|  |TS  0|AC  0|TAMS 0x00000006cb600000, 0x00000006cb600000|
| 177|0x00000006cb700000, 0x00000006cb700000, 0x00000006cb800000|  0%| F|  |TS  0|AC  0|TAMS 0x00000006cb700000, 0x00000006cb700000|
| 178|0x00000006cb800000, 0x00000006cb800000, 0x00000006cb900000|  0%| F|  |TS  0|AC  0|TAMS 0x00000006cb800000, 0x00000006cb800000|
| 179|0x00000006cb900000, 0x00000006cb900000, 0x00000006cba00000|  0%| F|  |TS  0|AC  0|TAMS 0x00000006cb900000, 0x00000006cb900000|
| 180|0x00000006cba00000, 0x00000006cba00000, 0x00000006cbb00000|  0%| F|  |TS  0|AC  0|TAMS 0x00000006cba00000, 0x00000006cba00000|
| 181|0x00000006cbb00000, 0x00000006cbb00000, 0x00000006cbc00000|  0%| F|  |TS  0|AC  0|TAMS 0x00000006cbb00000, 0x00000006cbb00000|
| 182|0x00000006cbc00000, 0x00000006cbc00000, 0x00000006cbd00000|  0%| F|  |TS  0|AC  0|TAMS 0x00000006cbc00000, 0x00000006cbc00000|
| 183|0x00000006cbd00000, 0x00000006cbd00000, 0x00000006cbe00000|  0%| F|  |TS  0|AC  0|TAMS 0x00000006cbd00000, 0x00000006cbd00000|
| 184|0x00000006cbe00000, 0x00000006cbe00000, 0x00000006cbf00000|  0%| F|  |TS  0|AC  0|TAMS 0x00000006cbe00000, 0x00000006cbe00000|
| 185|0x00000006cbf00000, 0x00000006cbf00000, 0x00000006cc000000|  0%| F|  |TS  0|AC  0|TAMS 0x00000006cbf00000, 0x00000006cbf00000|
| 186|0x00000006cc000000, 0x00000006cc000000, 0x00000006cc100000|  0%| F|  |TS  0|AC  0|TAMS 0x00000006cc000000, 0x00000006cc000000|
| 187|0x00000006cc100000, 0x00000006cc100000, 0x00000006cc200000|  0%| F|  |TS  0|AC  0|TAMS 0x00000006cc100000, 0x00000006cc100000|
| 188|0x00000006cc200000, 0x00000006cc200000, 0x00000006cc300000|  0%| F|  |TS  0|AC  0|TAMS 0x00000006cc200000, 0x00000006cc200000|
| 189|0x00000006cc300000, 0x00000006cc300000, 0x00000006cc400000|  0%| F|  |TS  0|AC  0|TAMS 0x00000006cc300000, 0x00000006cc300000|
| 190|0x00000006cc400000, 0x00000006cc400000, 0x00000006cc500000|  0%| F|  |TS  0|AC  0|TAMS 0x00000006cc400000, 0x00000006cc400000|
| 191|0x00000006cc500000, 0x00000006cc500000, 0x00000006cc600000|  0%| F|  |TS  0|AC  0|TAMS 0x00000006cc500000, 0x00000006cc500000|
| 192|0x00000006cc600000, 0x00000006cc600000, 0x00000006cc700000|  0%| F|  |TS  0|AC  0|TAMS 0x00000006cc600000, 0x00000006cc600000|
| 193|0x00000006cc700000, 0x00000006cc700000, 0x00000006cc800000|  0%| F|  |TS  0|AC  0|TAMS 0x00000006cc700000, 0x00000006cc700000|
| 194|0x00000006cc800000, 0x00000006cc800000, 0x00000006cc900000|  0%| F|  |TS  0|AC  0|TAMS 0x00000006cc800000, 0x00000006cc800000|
| 195|0x00000006cc900000, 0x00000006cc900000, 0x00000006cca00000|  0%| F|  |TS  0|AC  0|TAMS 0x00000006cc900000, 0x00000006cc900000|
| 196|0x00000006cca00000, 0x00000006cca00000, 0x00000006ccb00000|  0%| F|  |TS  0|AC  0|TAMS 0x00000006cca00000, 0x00000006cca00000|
| 197|0x00000006ccb00000, 0x00000006ccb00000, 0x00000006ccc00000|  0%| F|  |TS  0|AC  0|TAMS 0x00000006ccb00000, 0x00000006ccb00000|
| 198|0x00000006ccc00000, 0x00000006ccc00000, 0x00000006ccd00000|  0%| F|  |TS  0|AC  0|TAMS 0x00000006ccc00000, 0x00000006ccc00000|
| 199|0x00000006ccd00000, 0x00000006ccd00000, 0x00000006cce00000|  0%| F|  |TS  0|AC  0|TAMS 0x00000006ccd00000, 0x00000006ccd00000|
| 200|0x00000006cce00000, 0x00000006cce00000, 0x00000006ccf00000|  0%| F|  |TS  0|AC  0|TAMS 0x00000006cce00000, 0x00000006cce00000|
| 201|0x00000006ccf00000, 0x00000006ccf00000, 0x00000006cd000000|  0%| F|  |TS  0|AC  0|TAMS 0x00000006ccf00000, 0x00000006ccf00000|
| 202|0x00000006cd000000, 0x00000006cd000000, 0x00000006cd100000|  0%| F|  |TS  0|AC  0|TAMS 0x00000006cd000000, 0x00000006cd000000|
| 203|0x00000006cd100000, 0x00000006cd100000, 0x00000006cd200000|  0%| F|  |TS  0|AC  0|TAMS 0x00000006cd100000, 0x00000006cd100000|
| 204|0x00000006cd200000, 0x00000006cd200000, 0x00000006cd300000|  0%| F|  |TS  0|AC  0|TAMS 0x00000006cd200000, 0x00000006cd200000|
| 205|0x00000006cd300000, 0x00000006cd300000, 0x00000006cd400000|  0%| F|  |TS  0|AC  0|TAMS 0x00000006cd300000, 0x00000006cd300000|
| 206|0x00000006cd400000, 0x00000006cd400000, 0x00000006cd500000|  0%| F|  |TS  0|AC  0|TAMS 0x00000006cd400000, 0x00000006cd400000|
| 207|0x00000006cd500000, 0x00000006cd500000, 0x00000006cd600000|  0%| F|  |TS  0|AC  0|TAMS 0x00000006cd500000, 0x00000006cd500000|
| 208|0x00000006cd600000, 0x00000006cd600000, 0x00000006cd700000|  0%| F|  |TS  0|AC  0|TAMS 0x00000006cd600000, 0x00000006cd600000|
| 209|0x00000006cd700000, 0x00000006cd700000, 0x00000006cd800000|  0%| F|  |TS  0|AC  0|TAMS 0x00000006cd700000, 0x00000006cd700000|
| 210|0x00000006cd800000, 0x00000006cd800000, 0x00000006cd900000|  0%| F|  |TS  0|AC  0|TAMS 0x00000006cd800000, 0x00000006cd800000|
| 211|0x00000006cd900000, 0x00000006cd900000, 0x00000006cda00000|  0%| F|  |TS  0|AC  0|TAMS 0x00000006cd900000, 0x00000006cd900000|
| 212|0x00000006cda00000, 0x00000006cda00000, 0x00000006cdb00000|  0%| F|  |TS  0|AC  0|TAMS 0x00000006cda00000, 0x00000006cda00000|
| 213|0x00000006cdb00000, 0x00000006cdb00000, 0x00000006cdc00000|  0%| F|  |TS  0|AC  0|TAMS 0x00000006cdb00000, 0x00000006cdb00000|
| 214|0x00000006cdc00000, 0x00000006cdc00000, 0x00000006cdd00000|  0%| F|  |TS  0|AC  0|TAMS 0x00000006cdc00000, 0x00000006cdc00000|
| 215|0x00000006cdd00000, 0x00000006cdd00000, 0x00000006cde00000|  0%| F|  |TS  0|AC  0|TAMS 0x00000006cdd00000, 0x00000006cdd00000|
| 216|0x00000006cde00000, 0x00000006cde00000, 0x00000006cdf00000|  0%| F|  |TS  0|AC  0|TAMS 0x00000006cde00000, 0x00000006cde00000|
| 217|0x00000006cdf00000, 0x00000006cdf00000, 0x00000006ce000000|  0%| F|  |TS  0|AC  0|TAMS 0x00000006cdf00000, 0x00000006cdf00000|
| 218|0x00000006ce000000, 0x00000006ce000000, 0x00000006ce100000|  0%| F|  |TS  0|AC  0|TAMS 0x00000006ce000000, 0x00000006ce000000|
| 219|0x00000006ce100000, 0x00000006ce100000, 0x00000006ce200000|  0%| F|  |TS  0|AC  0|TAMS 0x00000006ce100000, 0x00000006ce100000|
| 220|0x00000006ce200000, 0x00000006ce200000, 0x00000006ce300000|  0%| F|  |TS  0|AC  0|TAMS 0x00000006ce200000, 0x00000006ce200000|
| 221|0x00000006ce300000, 0x00000006ce300000, 0x00000006ce400000|  0%| F|  |TS  0|AC  0|TAMS 0x00000006ce300000, 0x00000006ce300000|
| 222|0x00000006ce400000, 0x00000006ce400000, 0x00000006ce500000|  0%| F|  |TS  0|AC  0|TAMS 0x00000006ce400000, 0x00000006ce400000|
| 223|0x00000006ce500000, 0x00000006ce500000, 0x00000006ce600000|  0%| F|  |TS  0|AC  0|TAMS 0x00000006ce500000, 0x00000006ce500000|
| 224|0x00000006ce600000, 0x00000006ce600000, 0x00000006ce700000|  0%| F|  |TS  0|AC  0|TAMS 0x00000006ce600000, 0x00000006ce600000|
| 225|0x00000006ce700000, 0x00000006ce700000, 0x00000006ce800000|  0%| F|  |TS  0|AC  0|TAMS 0x00000006ce700000, 0x00000006ce700000|
| 226|0x00000006ce800000, 0x00000006ce800000, 0x00000006ce900000|  0%| F|  |TS  0|AC  0|TAMS 0x00000006ce800000, 0x00000006ce800000|
| 227|0x00000006ce900000, 0x00000006ce900000, 0x00000006cea00000|  0%| F|  |TS  0|AC  0|TAMS 0x00000006ce900000, 0x00000006ce900000|
| 228|0x00000006cea00000, 0x00000006cea00000, 0x00000006ceb00000|  0%| F|  |TS  0|AC  0|TAMS 0x00000006cea00000, 0x00000006cea00000|
| 229|0x00000006ceb00000, 0x00000006cec00000, 0x00000006cec00000|100%| S|CS|TS  1|AC  0|TAMS 0x00000006ceb00000, 0x00000006ceb00000|
| 230|0x00000006cec00000, 0x00000006ced00000, 0x00000006ced00000|100%| S|CS|TS  1|AC  0|TAMS 0x00000006cec00000, 0x00000006cec00000|
| 231|0x00000006ced00000, 0x00000006cee00000, 0x00000006cee00000|100%| S|CS|TS  1|AC  0|TAMS 0x00000006ced00000, 0x00000006ced00000|
| 232|0x00000006cee00000, 0x00000006cee00000, 0x00000006cef00000|  0%| F|  |TS  1|AC  0|TAMS 0x00000006cee00000, 0x00000006cee00000|
| 233|0x00000006cef00000, 0x00000006cef00000, 0x00000006cf000000|  0%| F|  |TS  1|AC  0|TAMS 0x00000006cef00000, 0x00000006cef00000|
| 234|0x00000006cf000000, 0x00000006cf000000, 0x00000006cf100000|  0%| F|  |TS  1|AC  0|TAMS 0x00000006cf000000, 0x00000006cf000000|
| 235|0x00000006cf100000, 0x00000006cf100000, 0x00000006cf200000|  0%| F|  |TS  1|AC  0|TAMS 0x00000006cf100000, 0x00000006cf100000|
| 236|0x00000006cf200000, 0x00000006cf200000, 0x00000006cf300000|  0%| F|  |TS  1|AC  0|TAMS 0x00000006cf200000, 0x00000006cf200000|
| 237|0x00000006cf300000, 0x00000006cf300000, 0x00000006cf400000|  0%| F|  |TS  1|AC  0|TAMS 0x00000006cf300000, 0x00000006cf300000|
| 238|0x00000006cf400000, 0x00000006cf400000, 0x00000006cf500000|  0%| F|  |TS  1|AC  0|TAMS 0x00000006cf400000, 0x00000006cf400000|
| 239|0x00000006cf500000, 0x00000006cf500000, 0x00000006cf600000|  0%| F|  |TS  1|AC  0|TAMS 0x00000006cf500000, 0x00000006cf500000|
| 240|0x00000006cf600000, 0x00000006cf600000, 0x00000006cf700000|  0%| F|  |TS  1|AC  0|TAMS 0x00000006cf600000, 0x00000006cf600000|
| 241|0x00000006cf700000, 0x00000006cf700000, 0x00000006cf800000|  0%| F|  |TS  1|AC  0|TAMS 0x00000006cf700000, 0x00000006cf700000|
| 242|0x00000006cf800000, 0x00000006cf800000, 0x00000006cf900000|  0%| F|  |TS  1|AC  0|TAMS 0x00000006cf800000, 0x00000006cf800000|
| 243|0x00000006cf900000, 0x00000006cf900000, 0x00000006cfa00000|  0%| F|  |TS  1|AC  0|TAMS 0x00000006cf900000, 0x00000006cf900000|
| 244|0x00000006cfa00000, 0x00000006cfa00000, 0x00000006cfb00000|  0%| F|  |TS  1|AC  0|TAMS 0x00000006cfa00000, 0x00000006cfa00000|
| 245|0x00000006cfb00000, 0x00000006cfb00000, 0x00000006cfc00000|  0%| F|  |TS  1|AC  0|TAMS 0x00000006cfb00000, 0x00000006cfb00000|
| 246|0x00000006cfc00000, 0x00000006cfc00000, 0x00000006cfd00000|  0%| F|  |TS  1|AC  0|TAMS 0x00000006cfc00000, 0x00000006cfc00000|
| 247|0x00000006cfd00000, 0x00000006cfd00000, 0x00000006cfe00000|  0%| F|  |TS  1|AC  0|TAMS 0x00000006cfd00000, 0x00000006cfd00000|
| 248|0x00000006cfe00000, 0x00000006cfe00000, 0x00000006cff00000|  0%| F|  |TS  1|AC  0|TAMS 0x00000006cfe00000, 0x00000006cfe00000|
| 249|0x00000006cff00000, 0x00000006cff00000, 0x00000006d0000000|  0%| F|  |TS  1|AC  0|TAMS 0x00000006cff00000, 0x00000006cff00000|
| 250|0x00000006d0000000, 0x00000006d0000000, 0x00000006d0100000|  0%| F|  |TS  1|AC  0|TAMS 0x00000006d0000000, 0x00000006d0000000|
| 251|0x00000006d0100000, 0x00000006d0100000, 0x00000006d0200000|  0%| F|  |TS  1|AC  0|TAMS 0x00000006d0100000, 0x00000006d0100000|
| 252|0x00000006d0200000, 0x00000006d0200000, 0x00000006d0300000|  0%| F|  |TS  1|AC  0|TAMS 0x00000006d0200000, 0x00000006d0200000|
| 253|0x00000006d0300000, 0x00000006d0380800, 0x00000006d0400000| 50%| E|  |TS  1|AC  0|TAMS 0x00000006d0300000, 0x00000006d0300000|
| 254|0x00000006d0400000, 0x00000006d0500000, 0x00000006d0500000|100%| E|CS|TS  1|AC  0|TAMS 0x00000006d0400000, 0x00000006d0400000|
| 255|0x00000006d0500000, 0x00000006d0600000, 0x00000006d0600000|100%| E|CS|TS  1|AC  0|TAMS 0x00000006d0500000, 0x00000006d0500000|

Card table byte_map: [0x000000001ef80000,0x000000001f780000] byte_map_base: 0x000000001b97d000

Marking Bits (Prev, Next): (CMBitMap*) 0x00000000004cf3a0, (CMBitMap*) 0x00000000004cf3d8
 Prev Bits: [0x000000001ff80000, 0x0000000023f68000)
 Next Bits: [0x0000000023f70000, 0x0000000027f58000)

Polling page: 0x00000000000f0000

CodeHeap 'non-profiled nmethods': size=120000Kb used=581Kb max_used=660Kb free=119418Kb
 bounds [0x0000000014540000, 0x00000000147b0000, 0x000000001ba70000]
CodeHeap 'profiled nmethods': size=120000Kb used=2087Kb max_used=2458Kb free=117912Kb
 bounds [0x000000000d010000, 0x000000000d280000, 0x0000000014540000]
CodeHeap 'non-nmethods': size=5760Kb used=1319Kb max_used=1415Kb free=4440Kb
 bounds [0x000000000ca70000, 0x000000000cce0000, 0x000000000d010000]
 total_blobs=2070 nmethods=1120 adapters=458
 compilation: enabled

Compilation events (10 events):
Event: 142.550 Thread 0x000000002b58e000 1249       4       java.util.concurrent.atomic.AtomicBoolean::get (13 bytes)
Event: 142.550 Thread 0x000000002b591000 1248       3       com.sun.javafx.tk.quantum.QuantumToolkit::postPulse (106 bytes)
Event: 142.552 Thread 0x000000002b58e000 nmethod 1249 0x00000000145e4810 code [0x00000000145e49a0, 0x00000000145e4a18]
Event: 142.553 Thread 0x000000002b591000 nmethod 1248 0x000000000d273a90 code [0x000000000d273dc0, 0x000000000d275398]
Event: 142.553 Thread 0x000000002b591000 1246       3       com.sun.javafx.tk.quantum.QuantumToolkit$$Lambda$54/1740705192::run (8 bytes)
Event: 142.553 Thread 0x000000002b591000 nmethod 1246 0x000000000d275990 code [0x000000000d275b80, 0x000000000d275fe8]
Event: 142.553 Thread 0x000000002b591000 1247   !   3       com.sun.javafx.tk.quantum.QuantumToolkit::lambda$runToolkit$12 (16 bytes)
Event: 142.553 Thread 0x000000002b591000 nmethod 1247 0x000000000d276210 code [0x000000000d276400, 0x000000000d2767e8]
Event: 385.267 Thread 0x000000002b58e000 1250       4       com.sun.javafx.tk.quantum.QuantumToolkit$$Lambda$54/1740705192::run (8 bytes)
Event: 385.270 Thread 0x000000002b58e000 nmethod 1250 0x00000000145e4a90 code [0x00000000145e4c40, 0x00000000145e4ed8]

GC Heap History (2 events):
Event: 8.628 GC heap before
{Heap before GC invocations=0 (full 0):
 garbage-first heap   total 262144K, used 24576K [0x00000006c0600000, 0x00000006c0700800, 0x00000007c0000000)
  region size 1024K, 24 young (24576K), 0 survivors (0K)
 Metaspace       used 15337K, capacity 16340K, committed 16512K, reserved 1064960K
  class space    used 1737K, capacity 1919K, committed 1920K, reserved 1048576K
}
Event: 8.643 GC heap after
{Heap after GC invocations=1 (full 0):
 garbage-first heap   total 262144K, used 4904K [0x00000006c0600000, 0x00000006c0700800, 0x00000007c0000000)
  region size 1024K, 3 young (3072K), 3 survivors (3072K)
 Metaspace       used 15337K, capacity 16340K, committed 16512K, reserved 1064960K
  class space    used 1737K, capacity 1919K, committed 1920K, reserved 1048576K
}

Deoptimization events (10 events):
Event: 8.577 Thread 0x000000002d394000 Uncommon trap: reason=class_check action=maybe_recompile pc=0x00000000145abde8 method=java.io.DataInputStream.readShort()S @ 4 c2
Event: 8.578 Thread 0x000000002d394000 Uncommon trap: reason=class_check action=maybe_recompile pc=0x00000000145abde8 method=java.io.DataInputStream.readShort()S @ 4 c2
Event: 8.613 Thread 0x000000002d394000 Uncommon trap: reason=class_check action=maybe_recompile pc=0x00000000145b24c0 method=java.util.HashMap.putVal(ILjava/lang/Object;Ljava/lang/Object;ZZ)Ljava/lang/Object; @ 91 c2
Event: 8.613 Thread 0x000000002d394000 Uncommon trap: reason=class_check action=maybe_recompile pc=0x00000000145b24c0 method=java.util.HashMap.putVal(ILjava/lang/Object;Ljava/lang/Object;ZZ)Ljava/lang/Object; @ 91 c2
Event: 8.613 Thread 0x000000002d394000 Uncommon trap: reason=class_check action=maybe_recompile pc=0x00000000145b24c0 method=java.util.HashMap.putVal(ILjava/lang/Object;Ljava/lang/Object;ZZ)Ljava/lang/Object; @ 91 c2
Event: 8.613 Thread 0x000000002d394000 Uncommon trap: reason=class_check action=maybe_recompile pc=0x00000000145b24c0 method=java.util.HashMap.putVal(ILjava/lang/Object;Ljava/lang/Object;ZZ)Ljava/lang/Object; @ 91 c2
Event: 8.711 Thread 0x000000002d394000 Uncommon trap: reason=unstable_if action=reinterpret pc=0x00000000145a03a8 method=java.lang.ref.ReferenceQueue.poll()Ljava/lang/ref/Reference; @ 4 c2
Event: 8.743 Thread 0x000000002d394000 Uncommon trap: reason=intrinsic_or_type_checked_inlining action=make_not_entrant pc=0x00000000145a5b6c method=java.util.Arrays.copyOf([Ljava/lang/Object;ILjava/lang/Class;)[Ljava/lang/Object; @ 35 c2
Event: 8.745 Thread 0x000000002d394000 Uncommon trap: reason=bimorphic_or_optimized_type_check action=maybe_recompile pc=0x000000001458f818 method=java.util.concurrent.ConcurrentHashMap.get(Ljava/lang/Object;)Ljava/lang/Object; @ 149 c2
Event: 8.759 Thread 0x000000002d394000 Uncommon trap: reason=unstable_if action=reinterpret pc=0x0000000014556300 method=java.nio.Buffer.hasRemaining()Z @ 8 c2

Classes redefined (10 events):
Event: 142.249 Thread 0x000000002b570800 redefined class name=sample.Controller, count=1
Event: 142.255 Thread 0x000000002b570800 redefined class name=sample.Controller$1, count=1
Event: 385.081 Thread 0x000000002b570800 redefined class name=sample.Controller, count=2
Event: 385.086 Thread 0x000000002b570800 redefined class name=sample.Controller$1, count=2
Event: 512.823 Thread 0x000000002b570800 redefined class name=sample.Controller, count=3
Event: 512.828 Thread 0x000000002b570800 redefined class name=sample.Controller$1, count=3
Event: 710.087 Thread 0x000000002b570800 redefined class name=sample.Controller, count=4
Event: 710.101 Thread 0x000000002b570800 redefined class name=sample.Controller$1, count=4
Event: 963.632 Thread 0x000000002b570800 redefined class name=sample.Controller, count=5
Event: 963.637 Thread 0x000000002b570800 redefined class name=sample.Controller$1, count=5

Internal exceptions (10 events):
Event: 8.423 Thread 0x000000002d394000 Exception <a 'java/lang/NoSuchMethodError'{0x00000006cf434cb8}: java.lang.invoke.DirectMethodHandle$Holder.invokeStaticInit(Ljava/lang/Object;Ljava/lang/Object;Ljava/lang/Object;Ljava/lang/Object;)Ljava/lang/Object;> (0x00000006cf434cb8) thrown at [t:/wor
Event: 8.428 Thread 0x000000002d394000 Exception <a 'java/lang/NoSuchMethodError'{0x00000006cf450f68}: java.lang.invoke.DirectMethodHandle$Holder.invokeSpecial(Ljava/lang/Object;Ljava/lang/Object;Ljava/lang/Object;Ljava/lang/Object;Ljava/lang/Object;)V> (0x00000006cf450f68) thrown at [t:/works
Event: 8.470 Thread 0x000000002d394000 Exception <a 'java/lang/NullPointerException'{0x00000006cf3cb1d0}> (0x00000006cf3cb1d0) thrown at [t:/workspace/hotspot/src/share/vm/interpreter/linkResolver.cpp, line 1311]
Event: 8.470 Thread 0x000000002d394000 Exception <a 'java/lang/NullPointerException'{0x00000006cf3cb1d0}> (0x00000006cf3cb1d0) thrown at [t:/workspace/hotspot/src/share/vm/prims/jvm.cpp, line 1314]
Event: 8.484 Thread 0x000000002d394000 Exception <a 'java/lang/NoSuchMethodError'{0x00000006cf2222e0}: java.lang.invoke.DirectMethodHandle$Holder.invokeInterface(Ljava/lang/Object;Ljava/lang/Object;Ljava/lang/Object;)I> (0x00000006cf2222e0) thrown at [t:/workspace/hotspot/src/share/vm/interpre
Event: 8.487 Thread 0x000000002d394000 Exception <a 'java/lang/NoSuchMethodError'{0x00000006cf236ff8}: java.lang.invoke.DirectMethodHandle$Holder.invokeStatic(Ljava/lang/Object;Ljava/lang/Object;)I> (0x00000006cf236ff8) thrown at [t:/workspace/hotspot/src/share/vm/interpreter/linkResolver.cpp,
Event: 8.489 Thread 0x000000002d394000 Exception <a 'java/lang/NoSuchMethodError'{0x00000006cf248078}: java.lang.Object.of([Ljava/lang/Object;)Ljava/util/stream/Stream;> (0x00000006cf248078) thrown at [t:/workspace/hotspot/src/share/vm/interpreter/linkResolver.cpp, line 731]
Event: 8.519 Thread 0x000000002d394000 Exception <a 'java/lang/NoSuchMethodError'{0x00000006cf195cb0}: java.lang.invoke.DelegatingMethodHandle$Holder.reinvoke_L(Ljava/lang/Object;Ljava/lang/Object;ILjava/lang/Object;)Ljava/lang/Object;> (0x00000006cf195cb0) thrown at [t:/workspace/hotspot/src/
Event: 8.616 Thread 0x000000002d394000 Exception <a 'java/lang/NoSuchMethodError'{0x00000006ceeb1d30}: java.lang.invoke.DirectMethodHandle$Holder.invokeStaticInit(Ljava/lang/Object;Ljava/lang/Object;)V> (0x00000006ceeb1d30) thrown at [t:/workspace/hotspot/src/share/vm/interpreter/linkResolver.
Event: 8.718 Thread 0x000000002d394000 Exception <a 'java/lang/NoSuchMethodError'{0x00000006d056bda8}: java.lang.invoke.DirectMethodHandle$Holder.invokeSpecial(Ljava/lang/Object;Ljava/lang/Object;Ljava/lang/Object;Ljava/lang/Object;)V> (0x00000006d056bda8) thrown at [t:/workspace/hotspot/src/s

Events (10 events):
Event: 963.639 Executing VM operation: RedefineClasses done
Event: 963.640 Executing VM operation: GetFrameCount
Event: 963.640 Executing VM operation: GetFrameCount done
Event: 963.640 Executing VM operation: GetFrameCount
Event: 963.640 Executing VM operation: GetFrameCount done
Event: 963.640 Executing VM operation: GetFrameLocation
Event: 963.640 Executing VM operation: GetFrameLocation done
Event: 963.641 Executing VM operation: GetFrameLocation
Event: 963.641 Executing VM operation: GetFrameLocation done
Event: 963.641 Executing VM operation: GetOrSetLocal


Dynamic libraries:
0x000000013f4a0000 - 0x000000013f4de000 	C:\Program Files\Java\jdk-9.0.4\bin\java.exe
0x0000000076ea0000 - 0x0000000077049000 	C:\Windows\SYSTEM32\ntdll.dll
0x0000000076d80000 - 0x0000000076e9f000 	C:\Windows\system32\kernel32.dll
0x000007fefce30000 - 0x000007fefce9b000 	C:\Windows\system32\KERNELBASE.dll
0x000007fefef60000 - 0x000007feff03b000 	C:\Windows\system32\ADVAPI32.dll
0x000007fefeec0000 - 0x000007fefef5f000 	C:\Windows\system32\msvcrt.dll
0x000007fefeea0000 - 0x000007fefeebf000 	C:\Windows\SYSTEM32\sechost.dll
0x000007fefd920000 - 0x000007fefda4d000 	C:\Windows\system32\RPCRT4.dll
0x0000000076c80000 - 0x0000000076d7a000 	C:\Windows\system32\USER32.dll
0x000007fefd370000 - 0x000007fefd3d7000 	C:\Windows\system32\GDI32.dll
0x000007feff040000 - 0x000007feff04e000 	C:\Windows\system32\LPK.dll
0x000007fefecb0000 - 0x000007fefed79000 	C:\Windows\system32\USP10.dll
0x000007fefb6d0000 - 0x000007fefb8c4000 	C:\Windows\WinSxS\amd64_microsoft.windows.common-controls_6595b64144ccf1df_6.0.7601.17514_none_fa396087175ac9ac\COMCTL32.dll
0x000007fefee20000 - 0x000007fefee91000 	C:\Windows\system32\SHLWAPI.dll
0x000007fefbdc0000 - 0x000007fefbdcc000 	C:\Windows\system32\VERSION.dll
0x000007fefe9f0000 - 0x000007fefea1e000 	C:\Windows\system32\IMM32.DLL
0x000007fefd130000 - 0x000007fefd239000 	C:\Windows\system32\MSCTF.dll
0x000007feefa50000 - 0x000007feefb3f000 	C:\Program Files\Java\jdk-9.0.4\bin\msvcr120.dll
0x000007feef780000 - 0x000007feef826000 	C:\Program Files\Java\jdk-9.0.4\bin\msvcp120.dll
0x00000000601d0000 - 0x0000000060bf5000 	C:\Program Files\Java\jdk-9.0.4\bin\server\jvm.dll
0x000007fef5b00000 - 0x000007fef5b09000 	C:\Windows\system32\WSOCK32.dll
0x000007fefd320000 - 0x000007fefd36d000 	C:\Windows\system32\WS2_32.dll
0x000007fefd670000 - 0x000007fefd678000 	C:\Windows\system32\NSI.dll
0x000007fef9830000 - 0x000007fef986b000 	C:\Windows\system32\WINMM.dll
0x0000000077070000 - 0x0000000077077000 	C:\Windows\system32\PSAPI.DLL
0x000007fefba30000 - 0x000007fefba3f000 	C:\Program Files\Java\jdk-9.0.4\bin\verify.dll
0x000007fef6430000 - 0x000007fef6457000 	C:\Program Files\Java\jdk-9.0.4\bin\java.dll
0x000007feef9f0000 - 0x000007feefa26000 	C:\Program Files\Java\jdk-9.0.4\bin\jdwp.dll
0x000007feef940000 - 0x000007feef96a000 	C:\Program Files\Java\jdk-9.0.4\bin\instrument.dll
0x000007fef3ed0000 - 0x000007fef3ee6000 	C:\Program Files\Java\jdk-9.0.4\bin\zip.dll
0x000007fefba10000 - 0x000007fefba1a000 	C:\Program Files\Java\jdk-9.0.4\bin\jimage.dll
0x000007fefda50000 - 0x000007fefe7d8000 	C:\Windows\system32\SHELL32.dll
0x000007fefe7e0000 - 0x000007fefe9e3000 	C:\Windows\system32\ole32.dll
0x000007fefcc80000 - 0x000007fefcc8f000 	C:\Windows\system32\profapi.dll
0x000007fef2170000 - 0x000007fef218a000 	C:\Program Files\Java\jdk-9.0.4\bin\net.dll
0x000007fef8310000 - 0x000007fef8381000 	C:\Windows\system32\WINHTTP.dll
0x000007fef82a0000 - 0x000007fef8304000 	C:\Windows\system32\webio.dll
0x000007fefc4b0000 - 0x000007fefc505000 	C:\Windows\system32\mswsock.dll
0x000007fefc4a0000 - 0x000007fefc4a7000 	C:\Windows\System32\wship6.dll
0x000007feefa30000 - 0x000007feefa41000 	C:\Program Files\Java\jdk-9.0.4\bin\nio.dll
0x000007fef64d0000 - 0x000007fef64da000 	C:\Program Files\Java\jdk-9.0.4\bin\dt_socket.dll
0x000007fefbe90000 - 0x000007fefbe97000 	C:\Windows\System32\wshtcpip.dll
0x000007fef6420000 - 0x000007fef6423000 	C:\Program Files\Java\jdk-9.0.4\bin\api-ms-win-core-console-l1-1-0.dll
0x000007fef62c0000 - 0x000007fef62c3000 	C:\Program Files\Java\jdk-9.0.4\bin\api-ms-win-core-datetime-l1-1-0.dll
0x000007fef3fc0000 - 0x000007fef3fc3000 	C:\Program Files\Java\jdk-9.0.4\bin\api-ms-win-core-debug-l1-1-0.dll
0x000007fef3f50000 - 0x000007fef3f53000 	C:\Program Files\Java\jdk-9.0.4\bin\api-ms-win-core-errorhandling-l1-1-0.dll
0x000007fef3560000 - 0x000007fef3564000 	C:\Program Files\Java\jdk-9.0.4\bin\api-ms-win-core-file-l1-1-0.dll
0x000007fef2160000 - 0x000007fef2163000 	C:\Program Files\Java\jdk-9.0.4\bin\api-ms-win-core-file-l1-2-0.dll
0x000007fef1e90000 - 0x000007fef1e93000 	C:\Program Files\Java\jdk-9.0.4\bin\api-ms-win-core-file-l2-1-0.dll
0x000007fef1e70000 - 0x000007fef1e73000 	C:\Program Files\Java\jdk-9.0.4\bin\api-ms-win-core-handle-l1-1-0.dll
0x000007feef9e0000 - 0x000007feef9e3000 	C:\Program Files\Java\jdk-9.0.4\bin\api-ms-win-core-heap-l1-1-0.dll
0x000007feef930000 - 0x000007feef933000 	C:\Program Files\Java\jdk-9.0.4\bin\api-ms-win-core-interlocked-l1-1-0.dll
0x000007feef920000 - 0x000007feef923000 	C:\Program Files\Java\jdk-9.0.4\bin\api-ms-win-core-libraryloader-l1-1-0.dll
0x000007feef910000 - 0x000007feef913000 	C:\Program Files\Java\jdk-9.0.4\bin\api-ms-win-core-localization-l1-2-0.dll
0x000007feef770000 - 0x000007feef773000 	C:\Program Files\Java\jdk-9.0.4\bin\api-ms-win-core-memory-l1-1-0.dll
0x000007feef760000 - 0x000007feef763000 	C:\Program Files\Java\jdk-9.0.4\bin\api-ms-win-core-namedpipe-l1-1-0.dll
0x000007feef750000 - 0x000007feef753000 	C:\Program Files\Java\jdk-9.0.4\bin\api-ms-win-core-processenvironment-l1-1-0.dll
0x000007feef740000 - 0x000007feef743000 	C:\Program Files\Java\jdk-9.0.4\bin\api-ms-win-core-processthreads-l1-1-0.dll
0x000007feef730000 - 0x000007feef733000 	C:\Program Files\Java\jdk-9.0.4\bin\api-ms-win-core-processthreads-l1-1-1.dll
0x000007feef720000 - 0x000007feef723000 	C:\Program Files\Java\jdk-9.0.4\bin\api-ms-win-core-profile-l1-1-0.dll
0x000007feef5e0000 - 0x000007feef5e3000 	C:\Program Files\Java\jdk-9.0.4\bin\api-ms-win-core-rtlsupport-l1-1-0.dll
0x000007feef5d0000 - 0x000007feef5d3000 	C:\Program Files\Java\jdk-9.0.4\bin\api-ms-win-core-string-l1-1-0.dll
0x000007feef5c0000 - 0x000007feef5c3000 	C:\Program Files\Java\jdk-9.0.4\bin\api-ms-win-core-synch-l1-1-0.dll
0x000007feef5b0000 - 0x000007feef5b3000 	C:\Program Files\Java\jdk-9.0.4\bin\api-ms-win-core-synch-l1-2-0.dll
0x000007feef5a0000 - 0x000007feef5a3000 	C:\Program Files\Java\jdk-9.0.4\bin\api-ms-win-core-sysinfo-l1-1-0.dll
0x000007feef590000 - 0x000007feef593000 	C:\Program Files\Java\jdk-9.0.4\bin\api-ms-win-core-timezone-l1-1-0.dll
0x000007feef580000 - 0x000007feef583000 	C:\Program Files\Java\jdk-9.0.4\bin\api-ms-win-core-util-l1-1-0.dll
0x000007feef570000 - 0x000007feef573000 	C:\Program Files\Java\jdk-9.0.4\bin\api-ms-win-crt-conio-l1-1-0.dll
0x000007feef560000 - 0x000007feef564000 	C:\Program Files\Java\jdk-9.0.4\bin\api-ms-win-crt-convert-l1-1-0.dll
0x000007feef550000 - 0x000007feef553000 	C:\Program Files\Java\jdk-9.0.4\bin\api-ms-win-crt-environment-l1-1-0.dll
0x000007feef540000 - 0x000007feef543000 	C:\Program Files\Java\jdk-9.0.4\bin\api-ms-win-crt-filesystem-l1-1-0.dll
0x000007feef530000 - 0x000007feef533000 	C:\Program Files\Java\jdk-9.0.4\bin\api-ms-win-crt-heap-l1-1-0.dll
0x000007feef520000 - 0x000007feef523000 	C:\Program Files\Java\jdk-9.0.4\bin\api-ms-win-crt-locale-l1-1-0.dll
0x000007feef270000 - 0x000007feef275000 	C:\Program Files\Java\jdk-9.0.4\bin\api-ms-win-crt-math-l1-1-0.dll
0x000007feef260000 - 0x000007feef265000 	C:\Program Files\Java\jdk-9.0.4\bin\api-ms-win-crt-multibyte-l1-1-0.dll
0x000007feef250000 - 0x000007feef260000 	C:\Program Files\Java\jdk-9.0.4\bin\api-ms-win-crt-private-l1-1-0.dll
0x000007feef240000 - 0x000007feef243000 	C:\Program Files\Java\jdk-9.0.4\bin\api-ms-win-crt-process-l1-1-0.dll
0x000007feef230000 - 0x000007feef234000 	C:\Program Files\Java\jdk-9.0.4\bin\api-ms-win-crt-runtime-l1-1-0.dll
0x000007feef220000 - 0x000007feef224000 	C:\Program Files\Java\jdk-9.0.4\bin\api-ms-win-crt-stdio-l1-1-0.dll
0x000007feef210000 - 0x000007feef214000 	C:\Program Files\Java\jdk-9.0.4\bin\api-ms-win-crt-string-l1-1-0.dll
0x000007feef200000 - 0x000007feef203000 	C:\Program Files\Java\jdk-9.0.4\bin\api-ms-win-crt-time-l1-1-0.dll
0x000007feef1f0000 - 0x000007feef1f3000 	C:\Program Files\Java\jdk-9.0.4\bin\api-ms-win-crt-utility-l1-1-0.dll
0x000007fee5130000 - 0x000007fee5226000 	C:\Program Files\Java\jdk-9.0.4\bin\ucrtbase.dll
0x000007feef1d0000 - 0x000007feef1e6000 	C:\Program Files\Java\jdk-9.0.4\bin\vcruntime140.dll
0x000007feeea20000 - 0x000007feeeabc000 	C:\Program Files\Java\jdk-9.0.4\bin\msvcp140.dll
0x000007feef170000 - 0x000007feef1c1000 	C:\Program Files\Java\jdk-9.0.4\bin\concrt140.dll
0x000007feeee30000 - 0x000007feeee53000 	C:\Program Files\Java\jdk-9.0.4\bin\prism_d3d.dll
0x000007fef3670000 - 0x000007fef386f000 	C:\Windows\system32\d3d9.dll
0x000007fef3660000 - 0x000007fef3667000 	C:\Windows\system32\d3d8thk.dll
0x000007fefae60000 - 0x000007fefae78000 	C:\Windows\system32\dwmapi.dll
0x000007fefb260000 - 0x000007fefb2b6000 	C:\Windows\system32\uxtheme.dll
0x000007fede670000 - 0x000007fedf70f000 	C:\Windows\system32\nvd3dumx.dll
0x000007feee580000 - 0x000007feee737000 	C:\Windows\system32\nvspcap64.dll
0x000007fefd240000 - 0x000007fefd317000 	C:\Windows\system32\OLEAUT32.dll
0x000007fefd680000 - 0x000007fefd857000 	C:\Windows\system32\SETUPAPI.dll
0x000007fefcec0000 - 0x000007fefcef6000 	C:\Windows\system32\CFGMGR32.dll
0x000007fefcf00000 - 0x000007fefcf1a000 	C:\Windows\system32\DEVOBJ.dll
0x000007fef9bc0000 - 0x000007fef9fac000 	C:\Windows\system32\nvapi64.dll
0x000007fefcae0000 - 0x000007fefcb05000 	C:\Windows\system32\SspiCli.dll
0x000007feeede0000 - 0x000007feeee2a000 	C:\Program Files\Java\jdk-9.0.4\bin\glass.dll
0x000007fefd880000 - 0x000007fefd917000 	C:\Windows\system32\COMDLG32.dll
0x000007fefcbb0000 - 0x000007fefcbbf000 	C:\Windows\system32\CRYPTBASE.dll
0x000007fefb440000 - 0x000007fefb46c000 	C:\Windows\system32\powrprof.dll
0x000007fee45c0000 - 0x000007fee46a6000 	C:\Program Files (x86)\NVIDIA Corporation\3D Vision\nvSCPAPI64.dll
0x000007feeebb0000 - 0x000007feeebc4000 	C:\Program Files\Java\jdk-9.0.4\bin\javafx_font.dll
0x000007fee1480000 - 0x000007fee1619000 	C:\Program Files\Java\jdk-9.0.4\bin\awt.dll
0x000007fee1e30000 - 0x000007fee21f4000 	C:\Windows\system32\d2d1.dll
0x000007fee5290000 - 0x000007fee532d000 	C:\Program Files\Java\jdk-9.0.4\bin\fontmanager.dll
0x000007feee3c0000 - 0x000007feee4e5000 	C:\Windows\system32\dbghelp.dll

VM Arguments:
jvm_args: -agentlib:jdwp=transport=dt_socket,address=127.0.0.1:53817,suspend=y,server=n -javaagent:C:\Users\SKIP\.IdeaIC2017.3\system\captureAgent\debugger-agent.jar=C:\Users\SKIP\AppData\Local\Temp\capture.props -Dfile.encoding=UTF-8 
java_command: sample.Main
java_class_path (initial): D:\Development\Java\PORTFOLIO\HomeReadingApp\out\production\HomeReadingApp;D:\Kits for Vista\sqlite-tools-win32-x86-3210000\sqlite-tools-win32-x86-3210000\sqlite-jdbc-3.21.0.jar;C:\Program Files\JetBrains\IntelliJ IDEA Community Edition 2017.3.4\lib\idea_rt.jar
Launcher Type: SUN_STANDARD

Logging:
Log output configuration:
#0: stdout all=warning uptime,level,tags
#1: stderr all=off uptime,level,tags

Environment Variables:
PATH=C:\ProgramData\Oracle\Java\javapath;C:\Program Files (x86)\AMD APP\bin\x86_64;C:\Program Files (x86)\AMD APP\bin\x86;C:\Windows\system32;C:\Windows;C:\Windows\System32\Wbem;C:\Windows\System32\WindowsPowerShell\v1.0\;C:\Program Files (x86)\ATI Technologies\ATI.ACE\Core-Static;C:\Program Files (x86)\Autodesk\Backburner\;C:\Program Files\Common Files\Autodesk Shared\;C:\Program Files (x86)\NVIDIA Corporation\PhysX\Common;C:\Program Files (x86)\GtkSharp\2.12\bin
USERNAME=SKIP
OS=Windows_NT
PROCESSOR_IDENTIFIER=AMD64 Family 21 Model 2 Stepping 0, AuthenticAMD



---------------  S Y S T E M  ---------------

OS: Windows 7 , 64 bit Build 7601 (6.1.7601.18015)

CPU:total 8 (initial active 8) (8 cores per cpu, 1 threads per core) family 21 model 2 stepping 0, cmov, cx8, fxsr, mmx, sse, sse2, sse3, ssse3, sse4.1, sse4.2, popcnt, avx, aes, clmul, mmxext, 3dnowpref, lzcnt, sse4a, tsc, tscinvbit, tscinv, bmi1

Memory: 4k page, physical 16747052k(11368292k free), swap 33492240k(25011396k free)

vm_info: Java HotSpot(TM) 64-Bit Server VM (9.0.4+11) for windows-amd64 JRE (9.0.4+11), built on Dec 20 2017 02:18:54 by "mach5one" with MS VC++ 12.0 (VS2013)

END.
